Added Component: Designator=J3(691137710002)
Add component. Clean all parameters for all variants
Add component (AddParameter): Name = "ComponentLink1Description"; Value = "Digikey Link"; VariantName = "[No Variations]"
Add component (AddParameter): Name = "ComponentLink1URL"; Value = "https://www.digikey.com/en/products/detail/w%C3%BCrth-elektronik/691137710002/6644051"; VariantName = "[No Variations]"
Add component (AddParameter): Name = "Digikey Link"; Value = "https://www.digikey.com/en/products/detail/w%C3%BCrth-elektronik/691137710002/6644051"; VariantName = "[No Variations]"
Add component (AddParameter): Name = "Digikey No"; Value = "732-10955-ND"; VariantName = "[No Variations]"
Add component (AddParameter): Name = "Mfr No"; Value = "691137710002"; VariantName = "[No Variations]"
Added Component: Designator=J4(691137710002)
Add component. Clean all parameters for all variants
Add component (AddParameter): Name = "ComponentLink1Description"; Value = "Digikey Link"; VariantName = "[No Variations]"
Add component (AddParameter): Name = "ComponentLink1URL"; Value = "https://www.digikey.com/en/products/detail/w%C3%BCrth-elektronik/691137710002/6644051"; VariantName = "[No Variations]"
Add component (AddParameter): Name = "Digikey Link"; Value = "https://www.digikey.com/en/products/detail/w%C3%BCrth-elektronik/691137710002/6644051"; VariantName = "[No Variations]"
Add component (AddParameter): Name = "Digikey No"; Value = "732-10955-ND"; VariantName = "[No Variations]"
Add component (AddParameter): Name = "Mfr No"; Value = "691137710002"; VariantName = "[No Variations]"
Added Pin To Net: NetName=Vcc Pin=J3-1
Added Pin To Net: NetName=GND Pin=J3-2
Added Pin To Net: NetName=Vcc Pin=J4-1
Added Pin To Net: NetName=GND Pin=J4-2
Added Member To Class: ClassName=Kapasitor Kart v1.0 Member=Component J1 4POS Molex Con
Added Member To Class: ClassName=Kapasitor Kart v1.0 Member=Component J2 4POS Molex Con
Added Member To Class: ClassName=Kapasitor Kart v1.0 Member=Component J3 691137710002
Added Member To Class: ClassName=Kapasitor Kart v1.0 Member=Component J4 691137710002
