Removed Pin From Net: NetName=Vcc Pin=C2-1
Removed Pin From Net: NetName=GND Pin=C2-2
Removed Pin From Net: NetName=Vcc Pin=C3-1
Removed Pin From Net: NetName=GND Pin=C3-2
Removed Pin From Net: NetName=Vcc Pin=C4-1
Removed Pin From Net: NetName=GND Pin=C4-2
Removed Pin From Net: NetName=Vcc Pin=C5-1
Removed Pin From Net: NetName=GND Pin=C5-2
Removed Pin From Net: NetName=Vcc Pin=C6-1
Removed Pin From Net: NetName=GND Pin=C6-2
Change Component Designator: OldDesignator=C1 NewDesignator=C?
Change Component Description : Designator=C? Old Description=35RX303300M18X35.5 New Description=UVR1V332MHD
Change component parameters: Designator = "C?"; Footprint = "TH/C/7.50mm"; UniqueID = "\FORMWITC"
Change component parameters. Clean all parameters for all variants
Change component parameters (AddParameter): Name = "ComponentLink1Description"; Value = "Digikey Link"; VariantName = "[No Variations]"
Change component parameters (AddParameter): Name = "ComponentLink1URL"; Value = "https://www.digikey.com/en/products/detail/nichicon/UVR1V332MHD/588828"; VariantName = "[No Variations]"
Change component parameters (AddParameter): Name = "Digikey Link"; Value = "https://www.digikey.com/en/products/detail/nichicon/UVR1V332MHD/588828"; VariantName = "[No Variations]"
Change component parameters (AddParameter): Name = "Digikey No"; Value = "493-1087-ND"; VariantName = "[No Variations]"
Change component parameters (AddParameter): Name = "Mfr No"; Value = "UVR1V332MHD"; VariantName = "[No Variations]"
Change component parameters (AddParameter): Name = "Value"; Value = "3300uF"; VariantName = "[No Variations]"
Change component parameters (AddParameter): Name = "Volt"; Value = "35V"; VariantName = "[No Variations]"
Added Component: Designator=C?(TH/C/7.50mm)
Add component. Clean all parameters for all variants
Add component (AddParameter): Name = "ComponentLink1Description"; Value = "Digikey Link"; VariantName = "[No Variations]"
Add component (AddParameter): Name = "ComponentLink1URL"; Value = "https://www.digikey.com/en/products/detail/nichicon/UVR1V332MHD/588828"; VariantName = "[No Variations]"
Add component (AddParameter): Name = "Digikey Link"; Value = "https://www.digikey.com/en/products/detail/nichicon/UVR1V332MHD/588828"; VariantName = "[No Variations]"
Add component (AddParameter): Name = "Digikey No"; Value = "493-1087-ND"; VariantName = "[No Variations]"
Add component (AddParameter): Name = "Mfr No"; Value = "UVR1V332MHD"; VariantName = "[No Variations]"
Add component (AddParameter): Name = "Value"; Value = "3300uF"; VariantName = "[No Variations]"
Add component (AddParameter): Name = "Volt"; Value = "35V"; VariantName = "[No Variations]"
Added Component: Designator=C?(TH/C/7.50mm)
Add component. Clean all parameters for all variants
Add component (AddParameter): Name = "ComponentLink1Description"; Value = "Digikey Link"; VariantName = "[No Variations]"
Add component (AddParameter): Name = "ComponentLink1URL"; Value = "https://www.digikey.com/en/products/detail/nichicon/UVR1V332MHD/588828"; VariantName = "[No Variations]"
Add component (AddParameter): Name = "Digikey Link"; Value = "https://www.digikey.com/en/products/detail/nichicon/UVR1V332MHD/588828"; VariantName = "[No Variations]"
Add component (AddParameter): Name = "Digikey No"; Value = "493-1087-ND"; VariantName = "[No Variations]"
Add component (AddParameter): Name = "Mfr No"; Value = "UVR1V332MHD"; VariantName = "[No Variations]"
Add component (AddParameter): Name = "Value"; Value = "3300uF"; VariantName = "[No Variations]"
Add component (AddParameter): Name = "Volt"; Value = "35V"; VariantName = "[No Variations]"
Added Component: Designator=C?(TH/C/7.50mm)
Add component. Clean all parameters for all variants
Add component (AddParameter): Name = "ComponentLink1Description"; Value = "Digikey Link"; VariantName = "[No Variations]"
Add component (AddParameter): Name = "ComponentLink1URL"; Value = "https://www.digikey.com/en/products/detail/nichicon/UVR1V332MHD/588828"; VariantName = "[No Variations]"
Add component (AddParameter): Name = "Digikey Link"; Value = "https://www.digikey.com/en/products/detail/nichicon/UVR1V332MHD/588828"; VariantName = "[No Variations]"
Add component (AddParameter): Name = "Digikey No"; Value = "493-1087-ND"; VariantName = "[No Variations]"
Add component (AddParameter): Name = "Mfr No"; Value = "UVR1V332MHD"; VariantName = "[No Variations]"
Add component (AddParameter): Name = "Value"; Value = "3300uF"; VariantName = "[No Variations]"
Add component (AddParameter): Name = "Volt"; Value = "35V"; VariantName = "[No Variations]"
Added Component: Designator=C?(TH/C/7.50mm)
Add component. Clean all parameters for all variants
Add component (AddParameter): Name = "ComponentLink1Description"; Value = "Digikey Link"; VariantName = "[No Variations]"
Add component (AddParameter): Name = "ComponentLink1URL"; Value = "https://www.digikey.com/en/products/detail/nichicon/UVR1V332MHD/588828"; VariantName = "[No Variations]"
Add component (AddParameter): Name = "Digikey Link"; Value = "https://www.digikey.com/en/products/detail/nichicon/UVR1V332MHD/588828"; VariantName = "[No Variations]"
Add component (AddParameter): Name = "Digikey No"; Value = "493-1087-ND"; VariantName = "[No Variations]"
Add component (AddParameter): Name = "Mfr No"; Value = "UVR1V332MHD"; VariantName = "[No Variations]"
Add component (AddParameter): Name = "Value"; Value = "3300uF"; VariantName = "[No Variations]"
Add component (AddParameter): Name = "Volt"; Value = "35V"; VariantName = "[No Variations]"
Added Component: Designator=C?(TH/C/7.50mm)
Add component. Clean all parameters for all variants
Add component (AddParameter): Name = "ComponentLink1Description"; Value = "Digikey Link"; VariantName = "[No Variations]"
Add component (AddParameter): Name = "ComponentLink1URL"; Value = "https://www.digikey.com/en/products/detail/nichicon/UVR1V332MHD/588828"; VariantName = "[No Variations]"
Add component (AddParameter): Name = "Digikey Link"; Value = "https://www.digikey.com/en/products/detail/nichicon/UVR1V332MHD/588828"; VariantName = "[No Variations]"
Add component (AddParameter): Name = "Digikey No"; Value = "493-1087-ND"; VariantName = "[No Variations]"
Add component (AddParameter): Name = "Mfr No"; Value = "UVR1V332MHD"; VariantName = "[No Variations]"
Add component (AddParameter): Name = "Value"; Value = "3300uF"; VariantName = "[No Variations]"
Add component (AddParameter): Name = "Volt"; Value = "35V"; VariantName = "[No Variations]"
Added Pin To Net: NetName=Vcc Pin=C?-1
Added Pin To Net: NetName=Vcc Pin=C?-1
Added Pin To Net: NetName=Vcc Pin=C?-1
Added Pin To Net: NetName=Vcc Pin=C?-1
Added Pin To Net: NetName=Vcc Pin=C?-1
Added Pin To Net: NetName=GND Pin=C?-2
Added Pin To Net: NetName=GND Pin=C?-2
Added Pin To Net: NetName=GND Pin=C?-2
Added Pin To Net: NetName=GND Pin=C?-2
Added Pin To Net: NetName=GND Pin=C?-2
Added Member To Class: ClassName=Kapasitor Kart v1.0 Member=Component C? 3300uF
Added Member To Class: ClassName=Kapasitor Kart v1.0 Member=Component C? 3300uF
Added Member To Class: ClassName=Kapasitor Kart v1.0 Member=Component C? 3300uF
Added Member To Class: ClassName=Kapasitor Kart v1.0 Member=Component C? 3300uF
Added Member To Class: ClassName=Kapasitor Kart v1.0 Member=Component C? 3300uF
